<?xml version="1.0" encoding="UTF-8"?>
<!-- Generated by org.testng.reporters.JUnitXMLReporter -->
<testsuite ignored="0" hostname="office27" failures="0" tests="9" name="Surefire test" time="0.048" errors="0" timestamp="2022-06-09T23:20:39 EEST">
  <testcase classname="course.qa.simple.TestNGCalculatorTest" name="givenXandY_whenAdd_thenResultXplusY" time="0.003"/>
  <testcase classname="course.qa.simple.TestNGCalculatorTest" name="givenXandY_whenDivide_thenResultXdivY" time="0.0"/>
  <testcase classname="course.qa.simple.TestNGCalculatorTest" name="givenXandY_whenMultiply_thenResultXproductY" time="0.001"/>
  <testcase classname="course.qa.simple.TestNGCalculatorTest" name="givenXandZeroDivider_whenDivide_thenArtithmeticExceptionThrown" time="0.001"/>
  <testcase classname="course.qa.simple.TestNGCalculatorTest" name="testGenerateBigPrime" time="0.004"/>
  <testcase classname="course.qa.simple.TestNGStack" name="isEmpty" time="0.0"/>
  <testcase classname="course.qa.simple.TestNGStack" name="isEmptyAfterPush" time="0.001"/>
  <testcase classname="course.qa.simple.TestNGStack" name="returnsElementWhenPopedAfterPush" time="0.001"/>
  <testcase classname="course.qa.simple.TestNGStack" name="throwsExceptionWhenPoped" time="0.0"/>
</testsuite> <!-- Surefire test -->
