<?xml version="1.0" encoding="UTF-8"?>
<testsuite xmlns:xsi="http://www.w3.org/2001/XMLSchema-instance" xsi:noNamespaceSchemaLocation="https://maven.apache.org/surefire/maven-surefire-plugin/xsd/surefire-test-report.xsd" name="TestSuite" time="0.558" tests="9" errors="0" skipped="0" failures="0">
  <properties>
[...]
</properties>
  <testcase name="givenXandY_whenAdd_thenResultXplusY" classname="course.qa.simple.TestNGCalculatorTest" time="0.003"/>
  <testcase name="givenXandY_whenDivide_thenResultXdivY" classname="course.qa.simple.TestNGCalculatorTest" time="0.001"/>
  <testcase name="givenXandY_whenMultiply_thenResultXproductY" classname="course.qa.simple.TestNGCalculatorTest" time="0"/>
  <testcase name="givenXandZeroDivider_whenDivide_thenArtithmeticExceptionThrown" classname="course.qa.simple.TestNGCalculatorTest" time="0.001"/>
  <testcase name="testGenerateBigPrime" classname="course.qa.simple.TestNGCalculatorTest" time="0.004"/>
  <testcase name="isEmpty" classname="course.qa.simple.TestNGStack" time="0"/>
  <testcase name="isEmptyAfterPush" classname="course.qa.simple.TestNGStack" time="0"/>
  <testcase name="returnsElementWhenPopedAfterPush" classname="course.qa.simple.TestNGStack" time="0.001"/>
  <testcase name="throwsExceptionWhenPoped" classname="course.qa.simple.TestNGStack" time="0"/>
</testsuite>